<?xml version="1.0" encoding="UTF-8"?>
<testng-results ignored="0" total="1" passed="1" failed="0" skipped="0">
  <reporter-output>
  </reporter-output>
  <suite started-at="2022-01-24T23:25:28 IST" name="Default suite" finished-at="2022-01-24T23:25:28 IST" duration-ms="91">
    <groups>
    </groups>
    <test started-at="2022-01-24T23:25:28 IST" name="Default test" finished-at="2022-01-24T23:25:28 IST" duration-ms="91">
      <class name="DemoTest.Demo">
        <test-method signature="test()[pri:0, instance:DemoTest.Demo@37858383]" started-at="2022-01-24T23:25:28 IST" name="test" finished-at="2022-01-24T23:25:28 IST" duration-ms="18" status="PASS">
          <reporter-output>
          </reporter-output>
        </test-method> <!-- test -->
      </class> <!-- DemoTest.Demo -->
    </test> <!-- Default test -->
  </suite> <!-- Default suite -->
</testng-results>
